C:\Program Files\Microsoft Visual Studio\2022\Professional\MSBuild\Microsoft\VC\v170\Microsoft.CppBuild.targets(531,5): warning MSB8028: The intermediate directory (x64\Debug\) contains files shared from another project (ShooterGame.vcxproj).  This can lead to incorrect clean and rebuild behavior.
  Boid.cpp
  Flock.cpp
  Main.cpp
D:\3D-Boids-Flocking-Algorithm\3DFlockingAlgorithm\Flock.cpp(81,18): warning C4244: 'initializing': conversion from 'double' to 'float', possible loss of data
D:\3D-Boids-Flocking-Algorithm\3DFlockingAlgorithm\Flock.cpp(94,31): warning C4244: '/=': conversion from 'double' to 'T', possible loss of data
D:\3D-Boids-Flocking-Algorithm\3DFlockingAlgorithm\Flock.cpp(94,31): warning C4244:         with
D:\3D-Boids-Flocking-Algorithm\3DFlockingAlgorithm\Flock.cpp(94,31): warning C4244:         [
D:\3D-Boids-Flocking-Algorithm\3DFlockingAlgorithm\Flock.cpp(94,31): warning C4244:             T=float
D:\3D-Boids-Flocking-Algorithm\3DFlockingAlgorithm\Flock.cpp(94,31): warning C4244:         ]
D:\3D-Boids-Flocking-Algorithm\3DFlockingAlgorithm\Flock.cpp(95,31): warning C4244: '/=': conversion from 'double' to 'T', possible loss of data
D:\3D-Boids-Flocking-Algorithm\3DFlockingAlgorithm\Flock.cpp(95,31): warning C4244:         with
D:\3D-Boids-Flocking-Algorithm\3DFlockingAlgorithm\Flock.cpp(95,31): warning C4244:         [
D:\3D-Boids-Flocking-Algorithm\3DFlockingAlgorithm\Flock.cpp(95,31): warning C4244:             T=float
D:\3D-Boids-Flocking-Algorithm\3DFlockingAlgorithm\Flock.cpp(95,31): warning C4244:         ]
D:\3D-Boids-Flocking-Algorithm\3DFlockingAlgorithm\Flock.cpp(96,31): warning C4244: '/=': conversion from 'double' to 'T', possible loss of data
D:\3D-Boids-Flocking-Algorithm\3DFlockingAlgorithm\Flock.cpp(96,31): warning C4244:         with
D:\3D-Boids-Flocking-Algorithm\3DFlockingAlgorithm\Flock.cpp(96,31): warning C4244:         [
D:\3D-Boids-Flocking-Algorithm\3DFlockingAlgorithm\Flock.cpp(96,31): warning C4244:             T=float
D:\3D-Boids-Flocking-Algorithm\3DFlockingAlgorithm\Flock.cpp(96,31): warning C4244:         ]
D:\3D-Boids-Flocking-Algorithm\3DFlockingAlgorithm\Flock.cpp(105,40): warning C4244: 'argument': conversion from 'int' to 'float', possible loss of data
D:\3D-Boids-Flocking-Algorithm\3DFlockingAlgorithm\Flock.cpp(126,18): warning C4244: 'initializing': conversion from 'double' to 'float', possible loss of data
D:\3D-Boids-Flocking-Algorithm\3DFlockingAlgorithm\Flock.cpp(145,40): warning C4244: 'argument': conversion from 'int' to 'float', possible loss of data
D:\3D-Boids-Flocking-Algorithm\3DFlockingAlgorithm\Boid.cpp(41,112): warning C4244: '=': conversion from 'double' to 'float', possible loss of data
D:\3D-Boids-Flocking-Algorithm\3DFlockingAlgorithm\Boid.cpp(55,28): warning C4305: '-=': truncation from 'double' to 'float'
D:\3D-Boids-Flocking-Algorithm\3DFlockingAlgorithm\Boid.cpp(59,28): warning C4305: '+=': truncation from 'double' to 'float'
  LINK : D:\3D-Boids-Flocking-Algorithm\x64\Debug\3DFlockingAlgorithm.exe not found or not built by the last incremental link; performing full link
  3DFlockingAlgorithm.vcxproj -> D:\3D-Boids-Flocking-Algorithm\x64\Debug\3DFlockingAlgorithm.exe

Project Evaluation Performance Summary:
       70 ms  D:\3D-Boids-Flocking-Algorithm\3DFlockingAlgorithm\3DFlockingAlgorithm.vcxproj   1 calls

Project Performance Summary:
     2124 ms  D:\3D-Boids-Flocking-Algorithm\3DFlockingAlgorithm\3DFlockingAlgorithm.vcxproj   1 calls
               2124 ms  Build                                      1 calls

Target Performance Summary:
        0 ms  AfterBuildCompileEvent                     1 calls
        0 ms  _Link                                      1 calls
        0 ms  AfterLink                                  1 calls
        0 ms  ComputeLinkImportLibraryOutputsForClean    1 calls
        0 ms  ComputeLinkSwitches                        1 calls
        0 ms  PreLinkEvent                               1 calls
        0 ms  MakeDirsForLink                            1 calls
        0 ms  PrepareResourceNames                       1 calls
        0 ms  CreateCustomManifestResourceNames          1 calls
        0 ms  SplitResourcesByCulture                    1 calls
        0 ms  ComputeManifestInputsTargets               1 calls
        0 ms  ComputeLinkInputsFromProject               1 calls
        0 ms  _ALink                                     1 calls
        0 ms  ComputeCLGeneratedLinkInputs               1 calls
        0 ms  ComputeManifestGeneratedLinkerInputs       1 calls
        0 ms  ComputeRCGeneratedLinkInputs               1 calls
        0 ms  ComputeRCOutputs                           1 calls
        0 ms  BeforeLink                                 1 calls
        0 ms  ComputeLegacyManifestEmbedding             1 calls
        0 ms  BuildLinkTraverse                          1 calls
        0 ms  BuildCompile                               1 calls
        0 ms  _BuildCompileAction                        1 calls
        0 ms  _ResourceCompile                           1 calls
        0 ms  AfterResourceCompile                       1 calls
        0 ms  MakeDirsForResourceCompile                 1 calls
        0 ms  ComputeCLOutputs                           1 calls
        0 ms  _Manifest                                  1 calls
        0 ms  RegisterOutput                             1 calls
        0 ms  ResolvedXDCMake                            1 calls
        0 ms  _CleanGetCurrentAndPriorFileWrites         1 calls
        0 ms  AfterBuild                                 1 calls
        0 ms  BuildLink                                  1 calls
        0 ms  _BuildLinkAction                           1 calls
        0 ms  PostBuildEvent                             1 calls
        0 ms  PrepareForRun                              1 calls
        0 ms  _CheckForCompileOutputs                    1 calls
        0 ms  _CopySourceItemsToOutputDirectory          1 calls
        0 ms  _GetCopyToOutputDirectoryItemsFromThisProject   1 calls
        0 ms  _GetCopyToOutputDirectoryItemsFromTransitiveProjectReferences   1 calls
        0 ms  GetCopyToOutputDirectoryXamlAppDefs        1 calls
        0 ms  _PopulateCommonStateForGetCopyToOutputDirectoryItems   1 calls
        0 ms  _Deploy                                    1 calls
        0 ms  _Appverifier                               1 calls
        0 ms  CreateSatelliteAssemblies                  1 calls
        0 ms  _GenerateSatelliteAssemblyInputs           1 calls
        0 ms  ContentFilesProjectOutputGroup             1 calls
        0 ms  MakeDirsForFxc                             1 calls
        0 ms  SatelliteDllsProjectOutputGroup            1 calls
        0 ms  BuiltProjectOutputGroup                    1 calls
        0 ms  _BscMake                                   1 calls
        0 ms  MakeDirsForBscMake                         1 calls
        0 ms  ComputeCLCompileGeneratedSbrFiles          1 calls
        0 ms  _XdcMake                                   1 calls
        0 ms  MakeDirsForXdcMake                         1 calls
        0 ms  BeforeResourceCompile                      1 calls
        0 ms  _ClCompile                                 1 calls
        0 ms  Build                                      1 calls
        0 ms  BuildGenerateSourcesTraverse               1 calls
        0 ms  _SelectedFiles                             1 calls
        0 ms  PreBuildEvent                              1 calls
        0 ms  BeforeBuildGenerateSources                 1 calls
        0 ms  AfterClCompile                             1 calls
        0 ms  ResolveReferences                          1 calls
        0 ms  AfterResolveReferences                     1 calls
        0 ms  ExpandSDKReferences                        1 calls
        0 ms  ResolveSDKReferences                       1 calls
        0 ms  _PrepareForBuild                           1 calls
        0 ms  ComputeCustomBuildOutput                   1 calls
        0 ms  _CheckWindowsSDKInstalled                  1 calls
        0 ms  GetResolvedWinMD                           1 calls
        0 ms  AddExternalIncludDirectoriesToPaths        1 calls
        0 ms  GetReferenceAssemblyPaths                  1 calls
        0 ms  GetFrameworkPaths                          1 calls
        0 ms  ResolveProjectReferences                   1 calls
        0 ms  PrepareProjectReferences                   1 calls
        0 ms  BeforeResolveReferences                    1 calls
        0 ms  _AddOutputPathToGlobalPropertiesToRemove   1 calls
        0 ms  _SplitProjectReferencesByFileExistence     1 calls
        0 ms  _PrepareForReferenceResolution             1 calls
        0 ms  CopyFileToFolders                          1 calls
        0 ms  SelectCustomBuild                          1 calls
        0 ms  IgnoreJavaScriptOutputAssembly             1 calls
        0 ms  GetReferencedVCProjectsInfo                1 calls
        0 ms  FindReferenceAssembliesForReferences       1 calls
        0 ms  ComputeCLInputPDBName                      1 calls
        0 ms  BeforeClCompile                            1 calls
        0 ms  BuildCompileTraverse                       1 calls
        0 ms  _Xsd                                       1 calls
        0 ms  BuildGenerateSources                       1 calls
        0 ms  _BuildGenerateSourcesAction                1 calls
        0 ms  ComputeReferenceCLInput                    1 calls
        0 ms  AfterBuildGenerateSources                  1 calls
        0 ms  AfterBuildGenerateSourcesEvent             1 calls
        0 ms  FixupCLCompileOptions                      1 calls
        0 ms  _Midl                                      1 calls
        0 ms  AfterMidl                                  1 calls
        0 ms  ComputeMIDLGeneratedCompileInputs          1 calls
        0 ms  MakeDirsForMidl                            1 calls
        0 ms  SelectClCompile                            1 calls
        0 ms  ComputeStdModulesCompileInputs             1 calls
        1 ms  GetCopyToOutputDirectoryItems              1 calls
        1 ms  ResolveAssemblyReferences                  1 calls
        1 ms  SetBuildDefaultEnvironmentVariables        1 calls
        1 ms  WarnCompileDuplicatedFilename              1 calls
        1 ms  AssignProjectConfiguration                 1 calls
        1 ms  CopyFilesToOutputDirectory                 1 calls
        1 ms  DoLinkOutputFilesMatch                     1 calls
        1 ms  MakeDirsForCl                              1 calls
        1 ms  ComputeCLCompileGeneratedXDCFiles          1 calls
        1 ms  FinalizeBuildStatus                        1 calls
        1 ms  IncrementalClean                           1 calls
        1 ms  AssignTargetPaths                          1 calls
        2 ms  InitializeBuildStatus                      1 calls
        4 ms  SetTelemetryEnvironmentVariables           1 calls
        5 ms  CustomBuild                                1 calls
        5 ms  _CheckForInvalidConfigurationAndPlatform   1 calls
        5 ms  PrepareForBuild                            1 calls
        5 ms  SetCABuildNativeEnvironmentVariables       1 calls
        9 ms  TlogCleanup                                1 calls
       12 ms  CreateRecipeFile                           1 calls
       23 ms  _GetProjectReferenceTargetFrameworkProperties   1 calls
      163 ms  Link                                       1 calls
     1876 ms  ClCompile                                  1 calls

Task Performance Summary:
        0 ms  ReadLinesFromFile                          2 calls
        0 ms  AssignCulture                              1 calls
        0 ms  FindUnderPath                              5 calls
        0 ms  WriteLinesToFile                           1 calls
        0 ms  ConvertToAbsolutePath                      1 calls
        0 ms  CallTarget                                 2 calls
        0 ms  RemoveDuplicates                           2 calls
        0 ms  MakeDir                                   10 calls
        1 ms  SetRidAgnosticValueForProjects             1 calls
        1 ms  Message                                    3 calls
        1 ms  AssignProjectConfiguration                 1 calls
        1 ms  Delete                                     2 calls
        1 ms  VCMessage                                  2 calls
        1 ms  MSBuild                                    1 calls
        1 ms  CheckVCToolsetVersion                      1 calls
        1 ms  AssignTargetPath                           7 calls
        1 ms  Touch                                      2 calls
        5 ms  GetOutOfDateItems                          3 calls
        7 ms  SetEnv                                    11 calls
        9 ms  CleanupStaleTlogItems                      1 calls
       12 ms  GenerateDesktopDeployRecipe                1 calls
      162 ms  Link                                       1 calls
     1875 ms  CL                                         1 calls
